<?xml version="1.0" encoding="UTF-8"?>
<!-- Generated by org.testng.reporters.JUnitReportReporter -->
<testsuite hostname="ATMECSINDT-088" failures="0" tests="1" name="com.atmecs.utils.testdata.OrangeHrm" time="11.448" errors="0" timestamp="27 Aug 2019 14:49:56 GMT" skipped="0">
  <testcase classname="com.atmecs.utils.testdata.OrangeHrm" name="automate" time="11.448"/>
</testsuite> <!-- com.atmecs.utils.testdata.OrangeHrm -->
